<?xml version="1.0" encoding="UTF-8"?>
<coverage generated="1745444612812" clover="3.2.0">
  <project timestamp="1745444612812" name="All files">
    <metrics statements="84" coveredstatements="72" conditionals="88" coveredconditionals="57" methods="27" coveredmethods="18" elements="199" coveredelements="147" complexity="0" loc="84" ncloc="84" packages="2" files="2" classes="2"/>
    <package name="components.dashboard">
      <metrics statements="81" coveredstatements="69" conditionals="88" coveredconditionals="57" methods="25" coveredmethods="18"/>
      <file name="Dashboard.tsx" path="C:\Users\Sonto\Downloads\hithere\FrontEnd\research-nexus\src\components\dashboard\Dashboard.tsx">
        <metrics statements="81" coveredstatements="69" conditionals="88" coveredconditionals="57" methods="25" coveredmethods="18"/>
        <line num="1" count="1" type="stmt"/>
        <line num="2" count="1" type="stmt"/>
        <line num="3" count="1" type="stmt"/>
        <line num="4" count="1" type="stmt"/>
        <line num="5" count="1" type="stmt"/>
        <line num="6" count="1" type="stmt"/>
        <line num="7" count="1" type="stmt"/>
        <line num="34" count="1" type="stmt"/>
        <line num="35" count="7" type="stmt"/>
        <line num="36" count="7" type="stmt"/>
        <line num="37" count="7" type="stmt"/>
        <line num="38" count="7" type="stmt"/>
        <line num="39" count="7" type="stmt"/>
        <line num="40" count="7" type="stmt"/>
        <line num="41" count="7" type="stmt"/>
        <line num="43" count="7" type="stmt"/>
        <line num="44" count="23" type="cond" truecount="6" falsecount="0"/>
        <line num="45" count="6" type="stmt"/>
        <line num="48" count="2" type="stmt"/>
        <line num="52" count="2" type="cond" truecount="1" falsecount="1"/>
        <line num="53" count="2" type="stmt"/>
        <line num="55" count="0" type="stmt"/>
        <line num="59" count="2" type="stmt"/>
        <line num="78" count="6" type="stmt"/>
        <line num="80" count="1" type="stmt"/>
        <line num="81" count="3" type="stmt"/>
        <line num="83" count="6" type="stmt"/>
        <line num="85" count="3" type="stmt"/>
        <line num="87" count="3" type="stmt"/>
        <line num="90" count="8" type="cond" truecount="5" falsecount="1"/>
        <line num="92" count="1" type="stmt"/>
        <line num="94" count="2" type="stmt"/>
        <line num="96" count="0" type="stmt"/>
        <line num="97" count="1" type="stmt"/>
        <line num="99" count="7" type="stmt"/>
        <line num="101" count="7" type="stmt"/>
        <line num="102" count="3" type="cond" truecount="1" falsecount="1"/>
        <line num="103" count="3" type="stmt"/>
        <line num="105" count="0" type="stmt"/>
        <line num="109" count="7" type="stmt"/>
        <line num="110" count="9" type="cond" truecount="3" falsecount="1"/>
        <line num="112" count="3" type="stmt"/>
        <line num="114" count="3" type="stmt"/>
        <line num="116" count="3" type="stmt"/>
        <line num="118" count="0" type="stmt"/>
        <line num="122" count="7" type="stmt"/>
        <line num="123" count="6" type="stmt"/>
        <line num="124" count="6" type="stmt"/>
        <line num="127" count="7" type="stmt"/>
        <line num="128" count="3" type="stmt"/>
        <line num="129" count="3" type="stmt"/>
        <line num="136" count="7" type="stmt"/>
        <line num="137" count="3" type="stmt"/>
        <line num="138" count="3" type="stmt"/>
        <line num="140" count="3" type="stmt"/>
        <line num="141" count="3" type="stmt"/>
        <line num="143" count="0" type="stmt"/>
        <line num="147" count="3" type="cond" truecount="1" falsecount="0"/>
        <line num="148" count="3" type="stmt"/>
        <line num="150" count="3" type="stmt"/>
        <line num="151" count="3" type="stmt"/>
        <line num="153" count="0" type="stmt"/>
        <line num="156" count="3" type="stmt"/>
        <line num="159" count="0" type="stmt"/>
        <line num="162" count="7" type="cond" truecount="1" falsecount="0"/>
        <line num="163" count="3" type="stmt"/>
        <line num="175" count="4" type="cond" truecount="1" falsecount="0"/>
        <line num="176" count="1" type="stmt"/>
        <line num="185" count="3" type="stmt"/>
        <line num="187" count="3" type="stmt"/>
        <line num="210" count="0" type="stmt"/>
        <line num="216" count="0" type="stmt"/>
        <line num="222" count="0" type="stmt"/>
        <line num="228" count="0" type="stmt"/>
        <line num="234" count="0" type="stmt"/>
        <line num="304" count="3" type="stmt"/>
        <line num="371" count="9" type="stmt"/>
        <line num="396" count="3" type="stmt"/>
        <line num="397" count="3" type="stmt"/>
        <line num="399" count="3" type="stmt"/>
        <line num="433" count="1" type="stmt"/>
      </file>
    </package>
    <package name="context">
      <metrics statements="3" coveredstatements="3" conditionals="0" coveredconditionals="0" methods="2" coveredmethods="0"/>
      <file name="AuthContext.tsx" path="C:\Users\Sonto\Downloads\hithere\FrontEnd\research-nexus\src\context\AuthContext.tsx">
        <metrics statements="3" coveredstatements="3" conditionals="0" coveredconditionals="0" methods="2" coveredmethods="0"/>
        <line num="2" count="1" type="stmt"/>
        <line num="19" count="1" type="stmt"/>
        <line num="26" count="1" type="stmt"/>
      </file>
    </package>
  </project>
</coverage>
