TN:
SF:research-nexus\src\components\CreateProject.tsx
FN:6,CreateProject
FN:45,handleChange
FN:57,(anonymous_75)
FN:63,(anonymous_76)
FN:63,_callee
FN:63,_callee$
FN:63,handleSubmit
FN:162,(anonymous_80)
FN:285,onClick
FNF:9
FNH:0
FNDA:0,CreateProject
FNDA:0,handleChange
FNDA:0,(anonymous_75)
FNDA:0,(anonymous_76)
FNDA:0,_callee
FNDA:0,_callee$
FNDA:0,handleSubmit
FNDA:0,(anonymous_80)
FNDA:0,onClick
DA:1,1
DA:2,1
DA:3,1
DA:4,1
DA:7,0
DA:8,0
DA:21,0
DA:23,0
DA:24,0
DA:25,0
DA:27,0
DA:45,0
DA:48,0
DA:51,0
DA:55,0
DA:57,0
DA:63,0
DA:64,0
DA:65,0
DA:67,0
DA:68,0
DA:69,0
DA:73,0
DA:74,0
DA:77,0
DA:81,0
DA:82,0
DA:84,0
DA:85,0
DA:87,0
DA:88,0
DA:90,0
DA:92,0
DA:94,0
DA:162,0
DA:285,0
DA:299,1
LF:37
LH:5
BRDA:51,0,0,0
BRDA:51,0,1,0
BRDA:51,1,0,0
BRDA:51,1,1,0
BRDA:63,2,0,0
BRDA:63,2,1,0
BRDA:63,2,2,0
BRDA:63,2,3,0
BRDA:63,2,4,0
BRDA:63,2,5,0
BRDA:63,2,6,0
BRDA:65,3,0,0
BRDA:81,4,0,0
BRDA:81,4,1,0
BRDA:84,5,0,0
BRDA:84,5,1,0
BRDA:103,6,0,0
BRDA:103,6,1,0
BRDA:214,7,0,0
BRDA:214,7,1,0
BRDA:237,8,0,0
BRDA:237,8,1,0
BRDA:280,9,0,0
BRDA:280,9,1,0
BRF:24
BRH:0
end_of_record
TN:
SF:research-nexus\src\components\EditProject.tsx
FN:21,EditProject
FN:62,(anonymous_74)
FN:63,(anonymous_75)
FN:63,_callee
FN:63,fetchProjectData
FN:103,formatDateForInput
FN:108,handleChange
FN:118,(anonymous_81)
FN:118,_callee2
FN:118,_callee2$
FN:118,handleSubmit
FN:230,(anonymous_85)
FN:353,onClick
FNF:13
FNH:0
FNDA:0,EditProject
FNDA:0,(anonymous_74)
FNDA:0,(anonymous_75)
FNDA:0,_callee
FNDA:0,fetchProjectData
FNDA:0,formatDateForInput
FNDA:0,handleChange
FNDA:0,(anonymous_81)
FNDA:0,_callee2
FNDA:0,_callee2$
FNDA:0,handleSubmit
FNDA:0,(anonymous_85)
FNDA:0,onClick
DA:1,1
DA:2,1
DA:3,1
DA:4,1
DA:22,0
DA:23,0
DA:24,0
DA:37,0
DA:39,0
DA:40,0
DA:41,0
DA:42,0
DA:44,0
DA:62,0
DA:63,0
DA:64,0
DA:66,0
DA:70,0
DA:71,0
DA:74,0
DA:89,0
DA:90,0
DA:92,0
DA:93,0
DA:95,0
DA:97,0
DA:99,0
DA:103,0
DA:104,0
DA:105,0
DA:108,0
DA:109,0
DA:110,0
DA:112,0
DA:118,0
DA:119,0
DA:120,0
DA:122,0
DA:123,0
DA:124,0
DA:128,0
DA:129,0
DA:132,0
DA:136,0
DA:137,0
DA:139,0
DA:140,0
DA:142,0
DA:143,0
DA:145,0
DA:147,0
DA:149,0
DA:150,0
DA:162,0
DA:230,0
DA:353,0
DA:367,1
LF:57
LH:5
BRDA:63,0,0,0
BRDA:63,0,1,0
BRDA:63,0,2,0
BRDA:63,0,3,0
BRDA:63,0,4,0
BRDA:63,0,5,0
BRDA:70,1,0,0
BRDA:70,1,1,0
BRDA:82,2,0,0
BRDA:82,2,1,0
BRDA:84,3,0,0
BRDA:84,3,1,0
BRDA:85,4,0,0
BRDA:85,4,1,0
BRDA:89,5,0,0
BRDA:89,5,1,0
BRDA:114,6,0,0
BRDA:114,6,1,0
BRDA:118,7,0,0
BRDA:118,7,1,0
BRDA:118,7,2,0
BRDA:118,7,3,0
BRDA:118,7,4,0
BRDA:118,7,5,0
BRDA:118,7,6,0
BRDA:120,8,0,0
BRDA:136,9,0,0
BRDA:136,9,1,0
BRDA:139,10,0,0
BRDA:139,10,1,0
BRDA:149,11,0,0
BRDA:171,12,0,0
BRDA:171,12,1,0
BRDA:282,13,0,0
BRDA:282,13,1,0
BRDA:305,14,0,0
BRDA:305,14,1,0
BRDA:348,15,0,0
BRDA:348,15,1,0
BRF:39
BRH:0
end_of_record
TN:
SF:research-nexus\src\components\dashboard\Dashboard.tsx
FN:34,Dashboard
FN:43,(anonymous_70)
FN:44,(anonymous_71)
FN:44,_callee
FN:44,fetchDashboardData
FN:90,(anonymous_75)
FN:90,_callee2
FN:90,handleLogout
FN:100,getStatusBadgeVariant
FN:108,getNotificationVariant
FN:121,formatDate
FN:126,formatDeadlineDate
FN:135,getUpcomingDeadlines
FN:138,(anonymous_84)
FN:142,(anonymous_85)
FN:148,(anonymous_86)
FN:152,(anonymous_87)
FN:209,onClick
FN:215,onClick
FN:221,onClick
FN:227,onClick
FN:233,onClick
FN:303,(anonymous_93)
FN:370,(anonymous_94)
FN:394,(anonymous_95)
FNF:25
FNH:0
FNDA:0,Dashboard
FNDA:0,(anonymous_70)
FNDA:0,(anonymous_71)
FNDA:0,_callee
FNDA:0,fetchDashboardData
FNDA:0,(anonymous_75)
FNDA:0,_callee2
FNDA:0,handleLogout
FNDA:0,getStatusBadgeVariant
FNDA:0,getNotificationVariant
FNDA:0,formatDate
FNDA:0,formatDeadlineDate
FNDA:0,getUpcomingDeadlines
FNDA:0,(anonymous_84)
FNDA:0,(anonymous_85)
FNDA:0,(anonymous_86)
FNDA:0,(anonymous_87)
FNDA:0,onClick
FNDA:0,onClick
FNDA:0,onClick
FNDA:0,onClick
FNDA:0,onClick
FNDA:0,(anonymous_93)
FNDA:0,(anonymous_94)
FNDA:0,(anonymous_95)
DA:1,1
DA:2,1
DA:3,1
DA:4,1
DA:5,1
DA:6,1
DA:7,1
DA:34,1
DA:35,0
DA:36,0
DA:37,0
DA:38,0
DA:39,0
DA:40,0
DA:41,0
DA:43,0
DA:44,0
DA:45,0
DA:48,0
DA:52,0
DA:53,0
DA:55,0
DA:59,0
DA:78,0
DA:80,0
DA:81,0
DA:83,0
DA:85,0
DA:87,0
DA:90,0
DA:92,0
DA:94,0
DA:96,0
DA:98,0
DA:100,0
DA:101,0
DA:102,0
DA:104,0
DA:108,0
DA:109,0
DA:111,0
DA:113,0
DA:115,0
DA:117,0
DA:121,0
DA:122,0
DA:123,0
DA:126,0
DA:127,0
DA:128,0
DA:135,0
DA:136,0
DA:137,0
DA:139,0
DA:140,0
DA:142,0
DA:146,0
DA:147,0
DA:149,0
DA:150,0
DA:152,0
DA:155,0
DA:158,0
DA:161,0
DA:162,0
DA:174,0
DA:175,0
DA:184,0
DA:186,0
DA:209,0
DA:215,0
DA:221,0
DA:227,0
DA:233,0
DA:303,0
DA:370,0
DA:395,0
DA:396,0
DA:398,0
DA:432,1
LF:80
LH:9
BRDA:44,0,0,0
BRDA:44,0,1,0
BRDA:44,0,2,0
BRDA:44,0,3,0
BRDA:44,0,4,0
BRDA:44,0,5,0
BRDA:52,1,0,0
BRDA:52,1,1,0
BRDA:90,2,0,0
BRDA:90,2,1,0
BRDA:90,2,2,0
BRDA:90,2,3,0
BRDA:90,2,4,0
BRDA:90,2,5,0
BRDA:101,3,0,0
BRDA:101,3,1,0
BRDA:109,4,0,0
BRDA:109,4,1,0
BRDA:109,4,2,0
BRDA:109,4,3,0
BRDA:146,5,0,0
BRDA:161,6,0,0
BRDA:174,7,0,0
BRDA:195,8,0,0
BRDA:195,8,1,0
BRDA:195,9,0,0
BRDA:195,9,1,0
BRDA:195,9,2,0
BRDA:196,10,0,0
BRDA:196,10,1,0
BRDA:196,11,0,0
BRDA:196,11,1,0
BRDA:199,12,0,0
BRDA:199,12,1,0
BRDA:199,13,0,0
BRDA:199,13,1,0
BRDA:199,14,0,0
BRDA:199,14,1,0
BRDA:199,14,2,0
BRDA:199,14,3,0
BRDA:203,15,0,0
BRDA:203,15,1,0
BRDA:203,16,0,0
BRDA:203,16,1,0
BRDA:204,17,0,0
BRDA:204,17,1,0
BRDA:204,18,0,0
BRDA:204,18,1,0
BRDA:208,19,0,0
BRDA:208,19,1,0
BRDA:214,20,0,0
BRDA:214,20,1,0
BRDA:220,21,0,0
BRDA:220,21,1,0
BRDA:226,22,0,0
BRDA:226,22,1,0
BRDA:232,23,0,0
BRDA:232,23,1,0
BRDA:257,24,0,0
BRDA:257,24,1,0
BRDA:266,25,0,0
BRDA:266,25,1,0
BRDA:266,26,0,0
BRDA:266,26,1,0
BRDA:266,26,2,0
BRDA:266,26,3,0
BRDA:287,27,0,0
BRDA:287,27,1,0
BRDA:310,28,0,0
BRDA:310,28,1,0
BRDA:316,29,0,0
BRDA:316,29,1,0
BRDA:323,30,0,0
BRDA:323,30,1,0
BRDA:329,31,0,0
BRDA:329,31,1,0
BRDA:332,32,0,0
BRDA:332,32,1,0
BRDA:389,33,0,0
BRDA:389,33,1,0
BRDA:400,34,0,0
BRDA:400,34,1,0
BRDA:407,35,0,0
BRDA:407,35,1,0
BRDA:407,36,0,0
BRDA:407,36,1,0
BRDA:421,37,0,0
BRDA:421,37,1,0
BRF:88
BRH:0
end_of_record
TN:
SF:research-nexus\src\context\AuthContext.tsx
FN:21,login
FN:22,logout
FNF:2
FNH:0
FNDA:0,login
FNDA:0,logout
DA:1,1
DA:18,1
DA:25,1
LF:3
LH:3
BRF:0
BRH:0
end_of_record
