TN:
SF:research-nexus\src\components\dashboard\Dashboard.tsx
FN:34,Dashboard
FN:43,(anonymous_70)
FN:44,(anonymous_71)
FN:44,_callee
FN:44,fetchDashboardData
FN:90,(anonymous_75)
FN:90,_callee2
FN:90,handleLogout
FN:101,getStatusBadgeVariant
FN:109,getNotificationVariant
FN:122,formatDate
FN:127,formatDeadlineDate
FN:136,getUpcomingDeadlines
FN:139,(anonymous_84)
FN:143,(anonymous_85)
FN:149,(anonymous_86)
FN:153,(anonymous_87)
FN:210,onClick
FN:216,onClick
FN:222,onClick
FN:228,onClick
FN:234,onClick
FN:304,(anonymous_93)
FN:371,(anonymous_94)
FN:395,(anonymous_95)
FNF:25
FNH:18
FNDA:7,Dashboard
FNDA:3,(anonymous_70)
FNDA:3,(anonymous_71)
FNDA:12,_callee
FNDA:3,fetchDashboardData
FNDA:7,(anonymous_75)
FNDA:4,_callee2
FNDA:1,handleLogout
FNDA:3,getStatusBadgeVariant
FNDA:9,getNotificationVariant
FNDA:6,formatDate
FNDA:3,formatDeadlineDate
FNDA:3,getUpcomingDeadlines
FNDA:3,(anonymous_84)
FNDA:0,(anonymous_85)
FNDA:3,(anonymous_86)
FNDA:0,(anonymous_87)
FNDA:0,onClick
FNDA:0,onClick
FNDA:0,onClick
FNDA:0,onClick
FNDA:0,onClick
FNDA:3,(anonymous_93)
FNDA:9,(anonymous_94)
FNDA:3,(anonymous_95)
DA:1,1
DA:2,1
DA:3,1
DA:4,1
DA:5,1
DA:6,1
DA:7,1
DA:34,1
DA:35,7
DA:36,7
DA:37,7
DA:38,7
DA:39,7
DA:40,7
DA:41,7
DA:43,7
DA:44,23
DA:45,6
DA:48,2
DA:52,2
DA:53,2
DA:55,0
DA:59,2
DA:78,6
DA:80,1
DA:81,3
DA:83,6
DA:85,3
DA:87,3
DA:90,8
DA:92,1
DA:94,2
DA:96,0
DA:97,1
DA:99,7
DA:101,7
DA:102,3
DA:103,3
DA:105,0
DA:109,7
DA:110,9
DA:112,3
DA:114,3
DA:116,3
DA:118,0
DA:122,7
DA:123,6
DA:124,6
DA:127,7
DA:128,3
DA:129,3
DA:136,7
DA:137,3
DA:138,3
DA:140,3
DA:141,3
DA:143,0
DA:147,3
DA:148,3
DA:150,3
DA:151,3
DA:153,0
DA:156,3
DA:159,0
DA:162,7
DA:163,3
DA:175,4
DA:176,1
DA:185,3
DA:187,3
DA:210,0
DA:216,0
DA:222,0
DA:228,0
DA:234,0
DA:304,3
DA:371,9
DA:396,3
DA:397,3
DA:399,3
DA:433,1
LF:81
LH:69
BRDA:44,0,0,3
BRDA:44,0,1,2
BRDA:44,0,2,1
BRDA:44,0,3,3
BRDA:44,0,4,3
BRDA:44,0,5,3
BRDA:52,1,0,2
BRDA:52,1,1,0
BRDA:90,2,0,1
BRDA:90,2,1,1
BRDA:90,2,2,1
BRDA:90,2,3,0
BRDA:90,2,4,1
BRDA:90,2,5,1
BRDA:102,3,0,3
BRDA:102,3,1,0
BRDA:110,4,0,3
BRDA:110,4,1,3
BRDA:110,4,2,3
BRDA:110,4,3,0
BRDA:147,5,0,3
BRDA:162,6,0,3
BRDA:175,7,0,1
BRDA:196,8,0,3
BRDA:196,8,1,0
BRDA:196,9,0,3
BRDA:196,9,1,3
BRDA:196,9,2,3
BRDA:197,10,0,0
BRDA:197,10,1,3
BRDA:197,11,0,3
BRDA:197,11,1,3
BRDA:200,12,0,0
BRDA:200,12,1,0
BRDA:200,13,0,0
BRDA:200,13,1,0
BRDA:200,14,0,0
BRDA:200,14,1,0
BRDA:200,14,2,0
BRDA:200,14,3,0
BRDA:204,15,0,0
BRDA:204,15,1,3
BRDA:204,16,0,3
BRDA:204,16,1,3
BRDA:205,17,0,0
BRDA:205,17,1,3
BRDA:205,18,0,3
BRDA:205,18,1,3
BRDA:209,19,0,3
BRDA:209,19,1,0
BRDA:215,20,0,0
BRDA:215,20,1,3
BRDA:221,21,0,0
BRDA:221,21,1,3
BRDA:227,22,0,0
BRDA:227,22,1,3
BRDA:233,23,0,0
BRDA:233,23,1,3
BRDA:258,24,0,3
BRDA:258,24,1,3
BRDA:267,25,0,0
BRDA:267,25,1,3
BRDA:267,26,0,3
BRDA:267,26,1,3
BRDA:267,26,2,3
BRDA:267,26,3,3
BRDA:288,27,0,0
BRDA:288,27,1,3
BRDA:311,28,0,3
BRDA:311,28,1,3
BRDA:317,29,0,0
BRDA:317,29,1,3
BRDA:324,30,0,3
BRDA:324,30,1,0
BRDA:330,31,0,3
BRDA:330,31,1,3
BRDA:333,32,0,3
BRDA:333,32,1,0
BRDA:390,33,0,0
BRDA:390,33,1,3
BRDA:401,34,0,0
BRDA:401,34,1,3
BRDA:408,35,0,0
BRDA:408,35,1,3
BRDA:408,36,0,3
BRDA:408,36,1,0
BRDA:422,37,0,3
BRDA:422,37,1,0
BRF:88
BRH:57
end_of_record
TN:
SF:research-nexus\src\context\AuthContext.tsx
FN:22,login
FN:23,logout
FNF:2
FNH:0
FNDA:0,login
FNDA:0,logout
DA:2,1
DA:19,1
DA:26,1
LF:3
LH:3
BRF:0
BRH:0
end_of_record
